This is TeX, Version 3.1415926 (TeX Live 2009/Debian) (format=tex 2011.12.10)  10 DEC 2011 19:42
**magit.texi
(./magit.texi
! I can't find file `texinfo.tex'.
l.1 @c \input texinfo.tex 
                             @c -*-texinfo-*-
(Press Enter to retry, or Control-D to exit)
Please type another input file name: 
! I can't find file `texinfo.tex'.
l.1 @c \input texinfo.tex 
                             @c -*-texinfo-*-
(Press Enter to retry, or Control-D to exit)
Please type another input file name: 
! I can't find file `texinfo.tex'.
l.1 @c \input texinfo.tex 
                             @c -*-texinfo-*-
(Press Enter to retry, or Control-D to exit)
Please type another input file name: 
! I can't find file `texinfo.tex'.
l.1 @c \input texinfo.tex 
                             @c -*-texinfo-*-
(Press Enter to retry, or Control-D to exit)
Please type another input file name: q
! I can't find file `q'.
l.1 @c \input texinfo.tex 
                             @c -*-texinfo-*-
(Press Enter to retry, or Control-D to exit)
Please type another input file name: 
! I can't find file `q'.
l.1 @c \input texinfo.tex 
                             @c -*-texinfo-*-
(Press Enter to retry, or Control-D to exit)
Please type another input file name: 
! I can't find file `q'.
l.1 @c \input texinfo.tex 
                             @c -*-texinfo-*-
(Press Enter to retry, or Control-D to exit)
Please type another input file name: 
! Emergency stop.
l.1 @c \input texinfo.tex 
                             @c -*-texinfo-*-
End of file on the terminal!

No pages of output.
